0 info it worked if it ends with ok
1 verbose cli [ 'C:\\Program Files\\nodejs\\node.exe',
1 verbose cli   'C:\\Users\\edsilv\\AppData\\Roaming\\npm\\node_modules\\npm\\bin\\npm-cli.js',
1 verbose cli   'version',
1 verbose cli   'patch' ]
2 info using npm@3.10.8
3 info using node@v8.9.1
4 info git [ 'status', '--porcelain' ]
5 verbose stack Error: Git working directory not clean.
5 verbose stack M package.json
5 verbose stack     at C:\Users\edsilv\AppData\Roaming\npm\node_modules\npm\lib\version.js:247:19
5 verbose stack     at C:\Users\edsilv\AppData\Roaming\npm\node_modules\npm\lib\utils\no-progress-while-running.js:21:8
5 verbose stack     at ChildProcess.exithandler (child_process.js:267:7)
5 verbose stack     at emitTwo (events.js:126:13)
5 verbose stack     at ChildProcess.emit (events.js:214:7)
5 verbose stack     at maybeClose (internal/child_process.js:925:16)
5 verbose stack     at Socket.stream.socket.on (internal/child_process.js:346:11)
5 verbose stack     at emitOne (events.js:116:13)
5 verbose stack     at Socket.emit (events.js:211:7)
5 verbose stack     at Pipe._handle.close [as _onclose] (net.js:554:12)
6 verbose cwd C:\Users\edsilv\github\edsilv\biiif-cli
7 error Windows_NT 10.0.15063
8 error argv "C:\\Program Files\\nodejs\\node.exe" "C:\\Users\\edsilv\\AppData\\Roaming\\npm\\node_modules\\npm\\bin\\npm-cli.js" "version" "patch"
9 error node v8.9.1
10 error npm  v3.10.8
11 error Git working directory not clean.
11 error M package.json
12 error If you need help, you may report this error at:
12 error     <https://github.com/npm/npm/issues>
13 verbose exit [ 1, true ]
